<?xml version="1.0" encoding="UTF-8"?>
<testng-results skipped="0" failed="0" ignored="0" total="3" passed="3">
  <reporter-output>
  </reporter-output>
  <suite name="Default suite" duration-ms="71" started-at="2019-12-10T02:53:48Z" finished-at="2019-12-10T02:53:48Z">
    <groups>
      <group name="regression">
        <method signature="Tc_01.testCase3()[pri:3, instance:com.testng.Tc_01@77caeb3e]" name="testCase3" class="com.testng.Tc_01"/>
      </group> <!-- regression -->
      <group name="smoke">
        <method signature="Tc_01.login()[pri:1, instance:com.testng.Tc_01@77caeb3e]" name="login" class="com.testng.Tc_01"/>
      </group> <!-- smoke -->
      <group name="E2E">
        <method signature="Tc_01.testCase2()[pri:2, instance:com.testng.Tc_01@77caeb3e]" name="testCase2" class="com.testng.Tc_01"/>
      </group> <!-- E2E -->
    </groups>
    <test name="Default test" duration-ms="71" started-at="2019-12-10T02:53:48Z" finished-at="2019-12-10T02:53:48Z">
      <class name="com.testng.Tc_01">
        <test-method status="PASS" signature="beforeSuite()[pri:0, instance:com.testng.Tc_01@77caeb3e]" name="beforeSuite" is-config="true" duration-ms="1392" started-at="2019-12-10T02:53:47Z" finished-at="2019-12-10T02:53:48Z">
          <reporter-output>
          </reporter-output>
        </test-method> <!-- beforeSuite -->
        <test-method status="PASS" signature="beforeMethod(java.lang.reflect.Method)[pri:0, instance:com.testng.Tc_01@77caeb3e]" name="beforeMethod" is-config="true" duration-ms="4" started-at="2019-12-10T02:53:48Z" finished-at="2019-12-10T02:53:48Z">
          <params>
            <param index="0">
              <value>
                <![CDATA[public void com.testng.Tc_01.login()]]>
              </value>
            </param>
          </params>
          <reporter-output>
          </reporter-output>
        </test-method> <!-- beforeMethod -->
        <test-method status="PASS" signature="login()[pri:1, instance:com.testng.Tc_01@77caeb3e]" name="login" duration-ms="10" started-at="2019-12-10T02:53:48Z" description="This test case will validate the price of a desktop module" finished-at="2019-12-10T02:53:48Z">
          <reporter-output>
          </reporter-output>
        </test-method> <!-- login -->
        <test-method status="PASS" signature="afterMethod()[pri:0, instance:com.testng.Tc_01@77caeb3e]" name="afterMethod" is-config="true" duration-ms="0" started-at="2019-12-10T02:53:48Z" finished-at="2019-12-10T02:53:48Z">
          <reporter-output>
          </reporter-output>
        </test-method> <!-- afterMethod -->
        <test-method status="PASS" signature="beforeMethod(java.lang.reflect.Method)[pri:0, instance:com.testng.Tc_01@77caeb3e]" name="beforeMethod" is-config="true" duration-ms="0" started-at="2019-12-10T02:53:48Z" finished-at="2019-12-10T02:53:48Z">
          <params>
            <param index="0">
              <value>
                <![CDATA[public void com.testng.Tc_01.testCase2()]]>
              </value>
            </param>
          </params>
          <reporter-output>
          </reporter-output>
        </test-method> <!-- beforeMethod -->
        <test-method status="PASS" signature="testCase2()[pri:2, instance:com.testng.Tc_01@77caeb3e]" name="testCase2" duration-ms="3" started-at="2019-12-10T02:53:48Z" finished-at="2019-12-10T02:53:48Z">
          <reporter-output>
          </reporter-output>
        </test-method> <!-- testCase2 -->
        <test-method status="PASS" signature="afterMethod()[pri:0, instance:com.testng.Tc_01@77caeb3e]" name="afterMethod" is-config="true" duration-ms="0" started-at="2019-12-10T02:53:48Z" finished-at="2019-12-10T02:53:48Z">
          <reporter-output>
          </reporter-output>
        </test-method> <!-- afterMethod -->
        <test-method status="PASS" signature="beforeMethod(java.lang.reflect.Method)[pri:0, instance:com.testng.Tc_01@77caeb3e]" name="beforeMethod" is-config="true" duration-ms="7" started-at="2019-12-10T02:53:48Z" finished-at="2019-12-10T02:53:48Z">
          <params>
            <param index="0">
              <value>
                <![CDATA[public void com.testng.Tc_01.testCase3()]]>
              </value>
            </param>
          </params>
          <reporter-output>
          </reporter-output>
        </test-method> <!-- beforeMethod -->
        <test-method status="PASS" signature="testCase3()[pri:3, instance:com.testng.Tc_01@77caeb3e]" name="testCase3" duration-ms="2" started-at="2019-12-10T02:53:48Z" finished-at="2019-12-10T02:53:48Z">
          <reporter-output>
          </reporter-output>
        </test-method> <!-- testCase3 -->
        <test-method status="PASS" signature="afterMethod()[pri:0, instance:com.testng.Tc_01@77caeb3e]" name="afterMethod" is-config="true" duration-ms="1" started-at="2019-12-10T02:53:48Z" finished-at="2019-12-10T02:53:48Z">
          <reporter-output>
          </reporter-output>
        </test-method> <!-- afterMethod -->
      </class> <!-- com.testng.Tc_01 -->
    </test> <!-- Default test -->
  </suite> <!-- Default suite -->
</testng-results>
